<?xml version="1.0" encoding="UTF-8"?>
<!-- Generated by org.testng.reporters.JUnitReportReporter -->
<testsuite hostname="Sagar" failures="0" tests="1" name="test.NaptolCartPageTest" time="20.068" errors="0" timestamp="2024-12-15T16:10:26 IST" skipped="0">
  <testcase classname="test.NaptolCartPageTest" name="VerifyTotalAmountForMultipleProductsInCart" time="20.068"/>
</testsuite> <!-- test.NaptolCartPageTest -->
