<?xml version="1.0" encoding="UTF-8"?>
<!-- Generated by org.testng.reporters.JUnitReportReporter -->
<testsuite hostname="Sagar" failures="0" tests="6" name="test.NaptolHomePageTest" time="27.903" errors="0" timestamp="2024-12-19T20:46:29 IST" skipped="0">
  <testcase classname="test.NaptolHomePageTest" name="searchAValidProduct" time="4.045"/>
  <testcase classname="test.NaptolHomePageTest" name="verifySortFeature" time="4.185"/>
  <testcase classname="test.NaptolHomePageTest" name="searchAInvalidProduct" time="5.711"/>
  <testcase classname="test.NaptolHomePageTest" name="verifyProductDetailsAreCorrectIfViewInNewTab" time="5.024"/>
  <testcase classname="test.NaptolHomePageTest" name="verifyIfProdutDetailsAreCorrcetIfViewInQuickView" time="5.811"/>
  <testcase classname="test.NaptolHomePageTest" name="verifyOnClickingShoppingCategories" time="3.127"/>
</testsuite> <!-- test.NaptolHomePageTest -->
