<?xml version="1.0" encoding="UTF-8"?>
<!-- Generated by org.testng.reporters.JUnitReportReporter -->
<testsuite hostname="Sagar" failures="0" tests="1" name="test.SortPageTest" time="23.721" errors="0" timestamp="2024-12-07T18:51:48 IST" skipped="0">
  <testcase classname="test.SortPageTest" name="VerifySortFeature" time="23.721"/>
</testsuite> <!-- test.SortPageTest -->
