<?xml version="1.0" encoding="UTF-8"?>
<!-- Generated by org.testng.reporters.JUnitReportReporter -->
<testsuite hostname="Sagar" failures="0" tests="6" name="test.NaptolHomePageTest" time="24.223" errors="0" timestamp="2024-12-07T18:51:48 IST" skipped="0">
  <testcase classname="test.NaptolHomePageTest" name="searchAValidProduct" time="3.720"/>
  <testcase classname="test.NaptolHomePageTest" name="searchAInvalidProduct" time="4.119"/>
  <testcase classname="test.NaptolHomePageTest" name="verifyOnClickingShoppingCategories" time="3.045"/>
  <testcase classname="test.NaptolHomePageTest" name="VerifySortFeature" time="4.218"/>
  <testcase classname="test.NaptolHomePageTest" name="VerifyIfProdutDetailsAreCorrcetIfViewInQuickView" time="4.191"/>
  <testcase classname="test.NaptolHomePageTest" name="VerifyProductDetailsAreCorrectIfViewInNewTab" time="4.930"/>
</testsuite> <!-- test.NaptolHomePageTest -->
