<?xml version="1.0" encoding="UTF-8"?>
<!-- Generated by org.testng.reporters.JUnitReportReporter -->
<testsuite hostname="Sagar" failures="0" tests="1" name="test.SortPageTest" time="13.365" errors="0" timestamp="2024-12-19T20:47:32 IST" skipped="0">
  <testcase classname="test.SortPageTest" name="verifySortFeature" time="13.365"/>
</testsuite> <!-- test.SortPageTest -->
