<?xml version="1.0" encoding="UTF-8"?>
<!-- Generated by org.testng.reporters.JUnitReportReporter -->
<testsuite hostname="Sagar" failures="0" tests="4" name="test.NaptolCartPageTest" time="114.999" errors="0" timestamp="2024-12-07T18:51:48 IST" skipped="0">
  <testcase classname="test.NaptolCartPageTest" name="verifyAddingMultipleProductToCart" time="26.573"/>
  <testcase classname="test.NaptolCartPageTest" name="VerifyTotalAmountForMultipleProductsInCart" time="32.390"/>
  <testcase classname="test.NaptolCartPageTest" name="VerifyOnChangingProductQuantityCorrectAmountIsDisplyed" time="27.909"/>
  <testcase classname="test.NaptolCartPageTest" name="VerifyRemovingProductFromCart" time="28.127"/>
</testsuite> <!-- test.NaptolCartPageTest -->
