<?xml version="1.0" encoding="UTF-8"?>
<!-- Generated by org.testng.reporters.JUnitReportReporter -->
<testsuite hostname="Sagar" failures="0" tests="6" name="test.NaptolHomePageTest" time="27.305" errors="0" timestamp="2024-12-13T17:41:03 IST" skipped="0">
  <testcase classname="test.NaptolHomePageTest" name="searchAInvalidProduct" time="5.253"/>
  <testcase classname="test.NaptolHomePageTest" name="VerifyIfProdutDetailsAreCorrcetIfViewInQuickView" time="5.737"/>
  <testcase classname="test.NaptolHomePageTest" name="searchAValidProduct" time="3.589"/>
  <testcase classname="test.NaptolHomePageTest" name="VerifyProductDetailsAreCorrectIfViewInNewTab" time="5.513"/>
  <testcase classname="test.NaptolHomePageTest" name="verifyOnClickingShoppingCategories" time="3.074"/>
  <testcase classname="test.NaptolHomePageTest" name="VerifySortFeature" time="4.139"/>
</testsuite> <!-- test.NaptolHomePageTest -->
